<?xml version="1.0" encoding="UTF-8"?>
<!-- Generated by org.testng.reporters.JUnitXMLReporter -->
<testsuite hostname="SILICUS237" name="Test" tests="3" failures="0" timestamp="12 Apr 2016 12:48:28 GMT" time="67.877" errors="0">
  <testcase name="verifyLandingPage" time="3.723" classname="testClasses.HomePageTest"/>
  <testcase name="verifySignUpPage" time="3.291" classname="testClasses.SignUpPageTest"/>
  <testcase name="verifyUserRegisteredSuccessfully" time="36.894" classname="testClasses.SignUpPageTest"/>
</testsuite> <!-- Test -->
