<?xml version="1.0" encoding="UTF-8"?>
<!-- Generated by org.testng.reporters.JUnitXMLReporter -->
<testsuite hostname="SILICUS237" name="Noble Market test" tests="3" failures="0" timestamp="23 Jun 2016 12:01:08 GMT" time="42.583" errors="0">
  <testcase name="verifyLandingPage" time="4.965" classname="nobleMarketTest.LandingPageTest"/>
  <testcase name="verifyLoginPage" time="6.766" classname="nobleMarketTest.LoginPageTest"/>
  <testcase name="verifyLogin" time="10.751" classname="nobleMarketTest.HomePageTest"/>
</testsuite> <!-- Noble Market test -->
